  [1m[36m (242.0ms)[0m  [1mCREATE TABLE `schema_migrations` (`version` varchar(255) NOT NULL) ENGINE=InnoDB[0m
  [1m[35m (197.1ms)[0m  CREATE UNIQUE INDEX `unique_schema_migrations`  ON `schema_migrations` (`version`) 
  [1m[36mActiveRecord::SchemaMigration Load (11.3ms)[0m  [1mSELECT `schema_migrations`.* FROM `schema_migrations`[0m
Migrating to CreateUsers (20141118143025)
  [1m[35m (200.4ms)[0m  CREATE TABLE `users` (`id` int(11) auto_increment PRIMARY KEY, `first_name` varchar(255), `last_name` varchar(255), `phone_number` varchar(255), `role` varchar(255), `created_at` datetime, `updated_at` datetime) ENGINE=InnoDB
  [1m[36m (0.2ms)[0m  [1mBEGIN[0m
  [1m[35mSQL (0.3ms)[0m  INSERT INTO `schema_migrations` (`version`) VALUES ('20141118143025')
  [1m[36m (0.4ms)[0m  [1mCOMMIT[0m
Migrating to AddDeviseToUsers (20141118143041)
  [1m[35m (193.1ms)[0m  ALTER TABLE `users` ADD `email` varchar(255) DEFAULT '' NOT NULL
  [1m[36m (131.6ms)[0m  [1mALTER TABLE `users` ADD `encrypted_password` varchar(255) DEFAULT '' NOT NULL[0m
  [1m[35m (135.5ms)[0m  ALTER TABLE `users` ADD `reset_password_token` varchar(255)
  [1m[36m (134.3ms)[0m  [1mALTER TABLE `users` ADD `reset_password_sent_at` datetime[0m
  [1m[35m (134.6ms)[0m  ALTER TABLE `users` ADD `remember_created_at` datetime
  [1m[36m (133.2ms)[0m  [1mALTER TABLE `users` ADD `sign_in_count` int(11) DEFAULT 0 NOT NULL[0m
  [1m[35m (134.4ms)[0m  ALTER TABLE `users` ADD `current_sign_in_at` datetime
  [1m[36m (154.1ms)[0m  [1mALTER TABLE `users` ADD `last_sign_in_at` datetime[0m
  [1m[35m (158.6ms)[0m  ALTER TABLE `users` ADD `current_sign_in_ip` varchar(255)
  [1m[36m (121.1ms)[0m  [1mALTER TABLE `users` ADD `last_sign_in_ip` varchar(255)[0m
  [1m[35m (142.4ms)[0m  CREATE UNIQUE INDEX `index_users_on_email`  ON `users` (`email`) 
  [1m[36m (134.9ms)[0m  [1mCREATE UNIQUE INDEX `index_users_on_reset_password_token`  ON `users` (`reset_password_token`) [0m
  [1m[35m (0.1ms)[0m  BEGIN
  [1m[36mSQL (24.9ms)[0m  [1mINSERT INTO `schema_migrations` (`version`) VALUES ('20141118143041')[0m
  [1m[35m (0.8ms)[0m  COMMIT
  [1m[36mActiveRecord::SchemaMigration Load (0.2ms)[0m  [1mSELECT `schema_migrations`.* FROM `schema_migrations`[0m


Started GET "/" for 127.0.0.1 at 2014-11-18 15:34:50 +0100
  [1m[36mActiveRecord::SchemaMigration Load (0.3ms)[0m  [1mSELECT `schema_migrations`.* FROM `schema_migrations`[0m

AbstractController::ActionNotFound - The action 'inext' could not be found for HomeController:
  actionpack (4.1.2) lib/abstract_controller/base.rb:131:in `process'
  actionview (4.1.2) lib/action_view/rendering.rb:30:in `process'
  actionpack (4.1.2) lib/action_controller/metal.rb:196:in `dispatch'
  actionpack (4.1.2) lib/action_controller/metal/rack_delegation.rb:13:in `dispatch'
  actionpack (4.1.2) lib/action_controller/metal.rb:232:in `block in action'
  actionpack (4.1.2) lib/action_dispatch/routing/route_set.rb:82:in `dispatch'
  actionpack (4.1.2) lib/action_dispatch/routing/route_set.rb:50:in `call'
  actionpack (4.1.2) lib/action_dispatch/journey/router.rb:71:in `block in call'
  actionpack (4.1.2) lib/action_dispatch/journey/router.rb:59:in `call'
  actionpack (4.1.2) lib/action_dispatch/routing/route_set.rb:678:in `call'
  warden (1.2.3) lib/warden/manager.rb:35:in `block in call'
  warden (1.2.3) lib/warden/manager.rb:34:in `call'
  rack (1.5.2) lib/rack/etag.rb:23:in `call'
  rack (1.5.2) lib/rack/conditionalget.rb:25:in `call'
  rack (1.5.2) lib/rack/head.rb:11:in `call'
  actionpack (4.1.2) lib/action_dispatch/middleware/params_parser.rb:27:in `call'
  actionpack (4.1.2) lib/action_dispatch/middleware/flash.rb:254:in `call'
  rack (1.5.2) lib/rack/session/abstract/id.rb:225:in `context'
  rack (1.5.2) lib/rack/session/abstract/id.rb:220:in `call'
  actionpack (4.1.2) lib/action_dispatch/middleware/cookies.rb:560:in `call'
  activerecord (4.1.2) lib/active_record/query_cache.rb:36:in `call'
  activerecord (4.1.2) lib/active_record/connection_adapters/abstract/connection_pool.rb:621:in `call'
  activerecord (4.1.2) lib/active_record/migration.rb:380:in `call'
  actionpack (4.1.2) lib/action_dispatch/middleware/callbacks.rb:29:in `block in call'
  activesupport (4.1.2) lib/active_support/callbacks.rb:82:in `run_callbacks'
  actionpack (4.1.2) lib/action_dispatch/middleware/callbacks.rb:27:in `call'
  actionpack (4.1.2) lib/action_dispatch/middleware/reloader.rb:73:in `call'
  actionpack (4.1.2) lib/action_dispatch/middleware/remote_ip.rb:76:in `call'
  better_errors (2.0.0) lib/better_errors/middleware.rb:84:in `protected_app_call'
  better_errors (2.0.0) lib/better_errors/middleware.rb:79:in `better_errors_call'
  better_errors (2.0.0) lib/better_errors/middleware.rb:57:in `call'
  actionpack (4.1.2) lib/action_dispatch/middleware/debug_exceptions.rb:17:in `call'
  actionpack (4.1.2) lib/action_dispatch/middleware/show_exceptions.rb:30:in `call'
  railties (4.1.2) lib/rails/rack/logger.rb:38:in `call_app'
  railties (4.1.2) lib/rails/rack/logger.rb:20:in `block in call'
  activesupport (4.1.2) lib/active_support/tagged_logging.rb:68:in `block in tagged'
  activesupport (4.1.2) lib/active_support/tagged_logging.rb:26:in `tagged'
  activesupport (4.1.2) lib/active_support/tagged_logging.rb:68:in `tagged'
  railties (4.1.2) lib/rails/rack/logger.rb:20:in `call'
  quiet_assets (1.0.3) lib/quiet_assets.rb:23:in `call_with_quiet_assets'
  actionpack (4.1.2) lib/action_dispatch/middleware/request_id.rb:21:in `call'
  rack (1.5.2) lib/rack/methodoverride.rb:21:in `call'
  rack (1.5.2) lib/rack/runtime.rb:17:in `call'
  activesupport (4.1.2) lib/active_support/cache/strategy/local_cache_middleware.rb:26:in `call'
  rack (1.5.2) lib/rack/lock.rb:17:in `call'
  actionpack (4.1.2) lib/action_dispatch/middleware/static.rb:64:in `call'
  rack (1.5.2) lib/rack/sendfile.rb:112:in `call'
  railties (4.1.2) lib/rails/engine.rb:514:in `call'
  railties (4.1.2) lib/rails/application.rb:144:in `call'
  rack (1.5.2) lib/rack/content_length.rb:14:in `call'
  thin (1.6.3) lib/thin/connection.rb:86:in `block in pre_process'
  thin (1.6.3) lib/thin/connection.rb:84:in `pre_process'
  thin (1.6.3) lib/thin/connection.rb:53:in `process'
  thin (1.6.3) lib/thin/connection.rb:39:in `receive_data'
  eventmachine (1.0.3) lib/eventmachine.rb:187:in `run'
  thin (1.6.3) lib/thin/backends/base.rb:73:in `start'
  thin (1.6.3) lib/thin/server.rb:162:in `start'
  rack (1.5.2) lib/rack/handler/thin.rb:16:in `run'
  rack (1.5.2) lib/rack/server.rb:264:in `start'
  railties (4.1.2) lib/rails/commands/server.rb:69:in `start'
  railties (4.1.2) lib/rails/commands/commands_tasks.rb:81:in `block in server'
  railties (4.1.2) lib/rails/commands/commands_tasks.rb:76:in `server'
  railties (4.1.2) lib/rails/commands/commands_tasks.rb:40:in `run_command!'
  railties (4.1.2) lib/rails/commands.rb:17:in `<top (required)>'
  bin/rails:8:in `<main>'



Started POST "/__better_errors/4712ac014e82b288/variables" for 127.0.0.1 at 2014-11-18 15:34:51 +0100


Started GET "/" for 127.0.0.1 at 2014-11-18 15:35:30 +0100
  [1m[36mActiveRecord::SchemaMigration Load (0.3ms)[0m  [1mSELECT `schema_migrations`.* FROM `schema_migrations`[0m
Processing by HomeController#index as HTML
  Rendered home/index.html.haml within layouts/application (31.4ms)
  Rendered layouts/_shim.html.erb (0.6ms)
  Rendered layouts/_header.html.haml (14.2ms)
  Rendered layouts/_footer.html.haml (3.6ms)
Completed 200 OK in 3968ms (Views: 3822.5ms | ActiveRecord: 0.0ms)


Started GET "/users/sign_in" for 127.0.0.1 at 2014-11-18 15:35:37 +0100
Processing by Devise::SessionsController#new as HTML
  Rendered devise/shared/_links.html.haml (5.7ms)
  Rendered devise/sessions/new.html.haml within layouts/application (354.5ms)
  Rendered layouts/_shim.html.erb (0.0ms)
  Rendered layouts/_header.html.haml (1.1ms)
  Rendered layouts/_footer.html.haml (0.1ms)
Completed 200 OK in 704ms (Views: 487.0ms | ActiveRecord: 191.4ms)


Started GET "/" for 127.0.0.1 at 2014-11-18 15:36:38 +0100
Processing by HomeController#index as HTML
  Rendered home/index.html.haml within layouts/application (3.2ms)
  Rendered layouts/_shim.html.erb (0.4ms)
  Rendered layouts/_header.html.haml (4.2ms)
  Rendered layouts/_footer.html.haml (2.4ms)
Completed 200 OK in 187ms (Views: 186.6ms | ActiveRecord: 0.0ms)


Started GET "/users/sign_in" for 127.0.0.1 at 2014-11-18 15:36:40 +0100
Processing by Devise::SessionsController#new as HTML
  Rendered devise/shared/_links.html.haml (0.5ms)
  Rendered devise/sessions/new.html.haml within layouts/application (4.5ms)
  Rendered layouts/_shim.html.erb (0.0ms)
  Rendered layouts/_header.html.haml (0.5ms)
  Rendered layouts/_footer.html.haml (0.1ms)
Completed 200 OK in 135ms (Views: 133.8ms | ActiveRecord: 0.0ms)


Started GET "/" for 127.0.0.1 at 2014-11-18 15:36:41 +0100
Processing by HomeController#index as HTML
  Rendered home/index.html.haml within layouts/application (0.1ms)
  Rendered layouts/_shim.html.erb (0.0ms)
  Rendered layouts/_header.html.haml (0.6ms)
  Rendered layouts/_footer.html.haml (0.1ms)
Completed 200 OK in 66ms (Views: 64.9ms | ActiveRecord: 0.0ms)


Started GET "/" for 127.0.0.1 at 2014-11-18 15:38:06 +0100
Processing by HomeController#index as HTML
  Rendered home/index.html.haml within layouts/application (0.2ms)
  Rendered layouts/_shim.html.erb (0.1ms)
  Rendered layouts/_header.html.haml (1.2ms)
  Rendered layouts/_footer.html.haml (0.3ms)
Completed 200 OK in 2799ms (Views: 2798.2ms | ActiveRecord: 0.0ms)


Started GET "/" for 127.0.0.1 at 2014-11-18 15:38:59 +0100
Processing by HomeController#index as HTML
  Rendered home/index.html.haml within layouts/application (0.1ms)
  Rendered layouts/_shim.html.erb (0.2ms)
  Rendered layouts/_header.html.haml (1.2ms)
  Rendered layouts/_footer.html.haml (0.3ms)
Completed 200 OK in 838ms (Views: 837.2ms | ActiveRecord: 0.0ms)


Started GET "/" for 127.0.0.1 at 2014-11-18 15:39:02 +0100
Processing by HomeController#index as HTML
  Rendered home/index.html.haml within layouts/application (0.1ms)
  Rendered layouts/_shim.html.erb (0.1ms)
  Rendered layouts/_header.html.haml (0.9ms)
  Rendered layouts/_footer.html.haml (0.2ms)
Completed 200 OK in 80ms (Views: 79.2ms | ActiveRecord: 0.0ms)


Started GET "/users/sign_in" for 127.0.0.1 at 2014-11-18 15:39:03 +0100
Processing by Devise::SessionsController#new as HTML
  Rendered devise/shared/_links.html.haml (2.2ms)
  Rendered devise/sessions/new.html.haml within layouts/application (28.8ms)
  Rendered layouts/_shim.html.erb (0.1ms)
  Rendered layouts/_header.html.haml (0.5ms)
  Rendered layouts/_footer.html.haml (0.1ms)
Completed 200 OK in 168ms (Views: 166.3ms | ActiveRecord: 0.0ms)


Started GET "/users/password/new" for 127.0.0.1 at 2014-11-18 15:39:08 +0100
Processing by Devise::PasswordsController#new as HTML
  Rendered devise/passwords/new.html.haml within layouts/application (6.0ms)
  Rendered layouts/_shim.html.erb (0.0ms)
  Rendered layouts/_header.html.haml (0.5ms)
  Rendered layouts/_footer.html.haml (0.2ms)
Completed 200 OK in 107ms (Views: 105.8ms | ActiveRecord: 0.0ms)


Started GET "/rails/info/routes" for 127.0.0.1 at 2014-11-18 15:39:31 +0100
Processing by Rails::InfoController#routes as HTML
  Rendered vendor/bundle/gems/actionpack-4.1.2/lib/action_dispatch/middleware/templates/routes/_route.html.erb (3.0ms)
  Rendered vendor/bundle/gems/actionpack-4.1.2/lib/action_dispatch/middleware/templates/routes/_table.html.erb (89.3ms)
  Rendered vendor/bundle/gems/railties-4.1.2/lib/rails/templates/rails/info/routes.html.erb within layouts/application (150.3ms)
Completed 200 OK in 284ms (Views: 283.0ms | ActiveRecord: 0.0ms)


Started GET "/rails/info/routes" for 127.0.0.1 at 2014-11-18 15:40:07 +0100
Processing by Rails::InfoController#routes as HTML
  Rendered vendor/bundle/gems/actionpack-4.1.2/lib/action_dispatch/middleware/templates/routes/_route.html.erb (1.7ms)
  Rendered vendor/bundle/gems/actionpack-4.1.2/lib/action_dispatch/middleware/templates/routes/_table.html.erb (0.4ms)
  Rendered vendor/bundle/gems/railties-4.1.2/lib/rails/templates/rails/info/routes.html.erb within layouts/application (11.4ms)
Completed 200 OK in 30ms (Views: 29.8ms | ActiveRecord: 0.0ms)


Started GET "/rails/info/routes" for 127.0.0.1 at 2014-11-18 15:40:24 +0100
Processing by Rails::InfoController#routes as HTML
  Rendered vendor/bundle/gems/actionpack-4.1.2/lib/action_dispatch/middleware/templates/routes/_route.html.erb (1.3ms)
  Rendered vendor/bundle/gems/actionpack-4.1.2/lib/action_dispatch/middleware/templates/routes/_table.html.erb (0.4ms)
  Rendered vendor/bundle/gems/railties-4.1.2/lib/rails/templates/rails/info/routes.html.erb within layouts/application (5.7ms)
Completed 200 OK in 9ms (Views: 7.9ms | ActiveRecord: 0.0ms)


Started GET "/users/password/new" for 127.0.0.1 at 2014-11-18 15:40:25 +0100
Processing by Devise::PasswordsController#new as HTML
  Rendered devise/passwords/new.html.haml within layouts/application (15.0ms)
  Rendered layouts/_shim.html.erb (0.1ms)
  Rendered layouts/_header.html.haml (1.2ms)
  Rendered layouts/_footer.html.haml (3.0ms)
Completed 200 OK in 286ms (Views: 251.6ms | ActiveRecord: 31.5ms)
